2019-05-11 18:03:38,099  DEBUG  [hehe]  [lianxi_06_logging_time_rotate_file_handler.py(<module>:28)]  -  调试级别
2019-05-11 18:03:38,103  INFO  [hehe]  [lianxi_06_logging_time_rotate_file_handler.py(<module>:29)]  -  一般级别
2019-05-11 18:03:38,104  WARNING  [hehe]  [lianxi_06_logging_time_rotate_file_handler.py(<module>:30)]  -  警告级别
2019-05-11 18:03:38,104  ERROR  [hehe]  [lianxi_06_logging_time_rotate_file_handler.py(<module>:31)]  -  错误级别
2019-05-11 18:03:38,104  CRITICAL  [hehe]  [lianxi_06_logging_time_rotate_file_handler.py(<module>:32)]  -  严重错误级别
2019-05-11 18:03:39,104  DEBUG  [hehe]  [lianxi_06_logging_time_rotate_file_handler.py(<module>:28)]  -  调试级别
2019-05-11 18:03:39,104  INFO  [hehe]  [lianxi_06_logging_time_rotate_file_handler.py(<module>:29)]  -  一般级别
2019-05-11 18:03:39,105  WARNING  [hehe]  [lianxi_06_logging_time_rotate_file_handler.py(<module>:30)]  -  警告级别
2019-05-11 18:03:39,105  ERROR  [hehe]  [lianxi_06_logging_time_rotate_file_handler.py(<module>:31)]  -  错误级别
2019-05-11 18:03:39,105  CRITICAL  [hehe]  [lianxi_06_logging_time_rotate_file_handler.py(<module>:32)]  -  严重错误级别
2019-05-11 18:03:40,105  DEBUG  [hehe]  [lianxi_06_logging_time_rotate_file_handler.py(<module>:28)]  -  调试级别
2019-05-11 18:03:40,105  INFO  [hehe]  [lianxi_06_logging_time_rotate_file_handler.py(<module>:29)]  -  一般级别
2019-05-11 18:03:40,105  WARNING  [hehe]  [lianxi_06_logging_time_rotate_file_handler.py(<module>:30)]  -  警告级别
2019-05-11 18:03:40,105  ERROR  [hehe]  [lianxi_06_logging_time_rotate_file_handler.py(<module>:31)]  -  错误级别
2019-05-11 18:03:40,106  CRITICAL  [hehe]  [lianxi_06_logging_time_rotate_file_handler.py(<module>:32)]  -  严重错误级别
2019-05-11 18:03:41,106  DEBUG  [hehe]  [lianxi_06_logging_time_rotate_file_handler.py(<module>:28)]  -  调试级别
2019-05-11 18:03:41,106  INFO  [hehe]  [lianxi_06_logging_time_rotate_file_handler.py(<module>:29)]  -  一般级别
2019-05-11 18:03:41,106  WARNING  [hehe]  [lianxi_06_logging_time_rotate_file_handler.py(<module>:30)]  -  警告级别
2019-05-11 18:03:41,106  ERROR  [hehe]  [lianxi_06_logging_time_rotate_file_handler.py(<module>:31)]  -  错误级别
2019-05-11 18:03:41,106  CRITICAL  [hehe]  [lianxi_06_logging_time_rotate_file_handler.py(<module>:32)]  -  严重错误级别
2019-05-11 18:03:42,106  DEBUG  [hehe]  [lianxi_06_logging_time_rotate_file_handler.py(<module>:28)]  -  调试级别
2019-05-11 18:03:42,106  INFO  [hehe]  [lianxi_06_logging_time_rotate_file_handler.py(<module>:29)]  -  一般级别
2019-05-11 18:03:42,106  WARNING  [hehe]  [lianxi_06_logging_time_rotate_file_handler.py(<module>:30)]  -  警告级别
2019-05-11 18:03:42,106  ERROR  [hehe]  [lianxi_06_logging_time_rotate_file_handler.py(<module>:31)]  -  错误级别
2019-05-11 18:03:42,107  CRITICAL  [hehe]  [lianxi_06_logging_time_rotate_file_handler.py(<module>:32)]  -  严重错误级别
2019-05-11 18:03:43,108  DEBUG  [hehe]  [lianxi_06_logging_time_rotate_file_handler.py(<module>:28)]  -  调试级别
2019-05-11 18:03:43,108  INFO  [hehe]  [lianxi_06_logging_time_rotate_file_handler.py(<module>:29)]  -  一般级别
2019-05-11 18:03:43,108  WARNING  [hehe]  [lianxi_06_logging_time_rotate_file_handler.py(<module>:30)]  -  警告级别
2019-05-11 18:03:43,108  ERROR  [hehe]  [lianxi_06_logging_time_rotate_file_handler.py(<module>:31)]  -  错误级别
2019-05-11 18:03:43,108  CRITICAL  [hehe]  [lianxi_06_logging_time_rotate_file_handler.py(<module>:32)]  -  严重错误级别
2019-05-11 18:03:44,108  DEBUG  [hehe]  [lianxi_06_logging_time_rotate_file_handler.py(<module>:28)]  -  调试级别
2019-05-11 18:03:44,108  INFO  [hehe]  [lianxi_06_logging_time_rotate_file_handler.py(<module>:29)]  -  一般级别
2019-05-11 18:03:44,108  WARNING  [hehe]  [lianxi_06_logging_time_rotate_file_handler.py(<module>:30)]  -  警告级别
2019-05-11 18:03:44,108  ERROR  [hehe]  [lianxi_06_logging_time_rotate_file_handler.py(<module>:31)]  -  错误级别
2019-05-11 18:03:44,108  CRITICAL  [hehe]  [lianxi_06_logging_time_rotate_file_handler.py(<module>:32)]  -  严重错误级别
2019-05-11 18:03:45,109  DEBUG  [hehe]  [lianxi_06_logging_time_rotate_file_handler.py(<module>:28)]  -  调试级别
2019-05-11 18:03:45,109  INFO  [hehe]  [lianxi_06_logging_time_rotate_file_handler.py(<module>:29)]  -  一般级别
2019-05-11 18:03:45,109  WARNING  [hehe]  [lianxi_06_logging_time_rotate_file_handler.py(<module>:30)]  -  警告级别
2019-05-11 18:03:45,109  ERROR  [hehe]  [lianxi_06_logging_time_rotate_file_handler.py(<module>:31)]  -  错误级别
2019-05-11 18:03:45,110  CRITICAL  [hehe]  [lianxi_06_logging_time_rotate_file_handler.py(<module>:32)]  -  严重错误级别
2019-05-11 18:03:46,110  DEBUG  [hehe]  [lianxi_06_logging_time_rotate_file_handler.py(<module>:28)]  -  调试级别
2019-05-11 18:03:46,110  INFO  [hehe]  [lianxi_06_logging_time_rotate_file_handler.py(<module>:29)]  -  一般级别
2019-05-11 18:03:46,110  WARNING  [hehe]  [lianxi_06_logging_time_rotate_file_handler.py(<module>:30)]  -  警告级别
2019-05-11 18:03:46,110  ERROR  [hehe]  [lianxi_06_logging_time_rotate_file_handler.py(<module>:31)]  -  错误级别
2019-05-11 18:03:46,111  CRITICAL  [hehe]  [lianxi_06_logging_time_rotate_file_handler.py(<module>:32)]  -  严重错误级别
2019-05-11 18:03:47,111  DEBUG  [hehe]  [lianxi_06_logging_time_rotate_file_handler.py(<module>:28)]  -  调试级别
2019-05-11 18:03:47,111  INFO  [hehe]  [lianxi_06_logging_time_rotate_file_handler.py(<module>:29)]  -  一般级别
2019-05-11 18:03:47,111  WARNING  [hehe]  [lianxi_06_logging_time_rotate_file_handler.py(<module>:30)]  -  警告级别
2019-05-11 18:03:47,111  ERROR  [hehe]  [lianxi_06_logging_time_rotate_file_handler.py(<module>:31)]  -  错误级别
2019-05-11 18:03:47,111  CRITICAL  [hehe]  [lianxi_06_logging_time_rotate_file_handler.py(<module>:32)]  -  严重错误级别
2019-05-11 18:03:48,112  DEBUG  [hehe]  [lianxi_06_logging_time_rotate_file_handler.py(<module>:28)]  -  调试级别
2019-05-11 18:03:48,112  INFO  [hehe]  [lianxi_06_logging_time_rotate_file_handler.py(<module>:29)]  -  一般级别
2019-05-11 18:03:48,112  WARNING  [hehe]  [lianxi_06_logging_time_rotate_file_handler.py(<module>:30)]  -  警告级别
2019-05-11 18:03:48,113  ERROR  [hehe]  [lianxi_06_logging_time_rotate_file_handler.py(<module>:31)]  -  错误级别
2019-05-11 18:03:48,113  CRITICAL  [hehe]  [lianxi_06_logging_time_rotate_file_handler.py(<module>:32)]  -  严重错误级别
2019-05-11 18:03:49,113  DEBUG  [hehe]  [lianxi_06_logging_time_rotate_file_handler.py(<module>:28)]  -  调试级别
2019-05-11 18:03:49,113  INFO  [hehe]  [lianxi_06_logging_time_rotate_file_handler.py(<module>:29)]  -  一般级别
2019-05-11 18:03:49,113  WARNING  [hehe]  [lianxi_06_logging_time_rotate_file_handler.py(<module>:30)]  -  警告级别
2019-05-11 18:03:49,113  ERROR  [hehe]  [lianxi_06_logging_time_rotate_file_handler.py(<module>:31)]  -  错误级别
2019-05-11 18:03:49,114  CRITICAL  [hehe]  [lianxi_06_logging_time_rotate_file_handler.py(<module>:32)]  -  严重错误级别
2019-05-11 18:03:50,114  DEBUG  [hehe]  [lianxi_06_logging_time_rotate_file_handler.py(<module>:28)]  -  调试级别
2019-05-11 18:03:50,114  INFO  [hehe]  [lianxi_06_logging_time_rotate_file_handler.py(<module>:29)]  -  一般级别
2019-05-11 18:03:50,114  WARNING  [hehe]  [lianxi_06_logging_time_rotate_file_handler.py(<module>:30)]  -  警告级别
2019-05-11 18:03:50,115  ERROR  [hehe]  [lianxi_06_logging_time_rotate_file_handler.py(<module>:31)]  -  错误级别
2019-05-11 18:03:50,115  CRITICAL  [hehe]  [lianxi_06_logging_time_rotate_file_handler.py(<module>:32)]  -  严重错误级别
2019-05-11 18:03:51,115  DEBUG  [hehe]  [lianxi_06_logging_time_rotate_file_handler.py(<module>:28)]  -  调试级别
2019-05-11 18:03:51,115  INFO  [hehe]  [lianxi_06_logging_time_rotate_file_handler.py(<module>:29)]  -  一般级别
2019-05-11 18:03:51,115  WARNING  [hehe]  [lianxi_06_logging_time_rotate_file_handler.py(<module>:30)]  -  警告级别
2019-05-11 18:03:51,116  ERROR  [hehe]  [lianxi_06_logging_time_rotate_file_handler.py(<module>:31)]  -  错误级别
2019-05-11 18:03:51,117  CRITICAL  [hehe]  [lianxi_06_logging_time_rotate_file_handler.py(<module>:32)]  -  严重错误级别
2019-05-11 18:03:52,117  DEBUG  [hehe]  [lianxi_06_logging_time_rotate_file_handler.py(<module>:28)]  -  调试级别
2019-05-11 18:03:52,117  INFO  [hehe]  [lianxi_06_logging_time_rotate_file_handler.py(<module>:29)]  -  一般级别
2019-05-11 18:03:52,117  WARNING  [hehe]  [lianxi_06_logging_time_rotate_file_handler.py(<module>:30)]  -  警告级别
2019-05-11 18:03:52,117  ERROR  [hehe]  [lianxi_06_logging_time_rotate_file_handler.py(<module>:31)]  -  错误级别
2019-05-11 18:03:52,117  CRITICAL  [hehe]  [lianxi_06_logging_time_rotate_file_handler.py(<module>:32)]  -  严重错误级别
2019-05-11 18:03:53,117  DEBUG  [hehe]  [lianxi_06_logging_time_rotate_file_handler.py(<module>:28)]  -  调试级别
2019-05-11 18:03:53,117  INFO  [hehe]  [lianxi_06_logging_time_rotate_file_handler.py(<module>:29)]  -  一般级别
2019-05-11 18:03:53,117  WARNING  [hehe]  [lianxi_06_logging_time_rotate_file_handler.py(<module>:30)]  -  警告级别
2019-05-11 18:03:53,117  ERROR  [hehe]  [lianxi_06_logging_time_rotate_file_handler.py(<module>:31)]  -  错误级别
2019-05-11 18:03:53,117  CRITICAL  [hehe]  [lianxi_06_logging_time_rotate_file_handler.py(<module>:32)]  -  严重错误级别
2019-05-11 18:03:54,117  DEBUG  [hehe]  [lianxi_06_logging_time_rotate_file_handler.py(<module>:28)]  -  调试级别
2019-05-11 18:03:54,117  INFO  [hehe]  [lianxi_06_logging_time_rotate_file_handler.py(<module>:29)]  -  一般级别
2019-05-11 18:03:54,117  WARNING  [hehe]  [lianxi_06_logging_time_rotate_file_handler.py(<module>:30)]  -  警告级别
2019-05-11 18:03:54,117  ERROR  [hehe]  [lianxi_06_logging_time_rotate_file_handler.py(<module>:31)]  -  错误级别
2019-05-11 18:03:54,117  CRITICAL  [hehe]  [lianxi_06_logging_time_rotate_file_handler.py(<module>:32)]  -  严重错误级别
2019-05-11 18:03:55,118  DEBUG  [hehe]  [lianxi_06_logging_time_rotate_file_handler.py(<module>:28)]  -  调试级别
2019-05-11 18:03:55,118  INFO  [hehe]  [lianxi_06_logging_time_rotate_file_handler.py(<module>:29)]  -  一般级别
2019-05-11 18:03:55,118  WARNING  [hehe]  [lianxi_06_logging_time_rotate_file_handler.py(<module>:30)]  -  警告级别
2019-05-11 18:03:55,118  ERROR  [hehe]  [lianxi_06_logging_time_rotate_file_handler.py(<module>:31)]  -  错误级别
2019-05-11 18:03:55,118  CRITICAL  [hehe]  [lianxi_06_logging_time_rotate_file_handler.py(<module>:32)]  -  严重错误级别
2019-05-11 18:03:56,118  DEBUG  [hehe]  [lianxi_06_logging_time_rotate_file_handler.py(<module>:28)]  -  调试级别
2019-05-11 18:03:56,118  INFO  [hehe]  [lianxi_06_logging_time_rotate_file_handler.py(<module>:29)]  -  一般级别
2019-05-11 18:03:56,118  WARNING  [hehe]  [lianxi_06_logging_time_rotate_file_handler.py(<module>:30)]  -  警告级别
2019-05-11 18:03:56,118  ERROR  [hehe]  [lianxi_06_logging_time_rotate_file_handler.py(<module>:31)]  -  错误级别
2019-05-11 18:03:56,118  CRITICAL  [hehe]  [lianxi_06_logging_time_rotate_file_handler.py(<module>:32)]  -  严重错误级别
2019-05-11 18:03:57,118  DEBUG  [hehe]  [lianxi_06_logging_time_rotate_file_handler.py(<module>:28)]  -  调试级别
2019-05-11 18:03:57,118  INFO  [hehe]  [lianxi_06_logging_time_rotate_file_handler.py(<module>:29)]  -  一般级别
2019-05-11 18:03:57,118  WARNING  [hehe]  [lianxi_06_logging_time_rotate_file_handler.py(<module>:30)]  -  警告级别
2019-05-11 18:03:57,118  ERROR  [hehe]  [lianxi_06_logging_time_rotate_file_handler.py(<module>:31)]  -  错误级别
2019-05-11 18:03:57,118  CRITICAL  [hehe]  [lianxi_06_logging_time_rotate_file_handler.py(<module>:32)]  -  严重错误级别
2019-05-11 18:03:58,118  DEBUG  [hehe]  [lianxi_06_logging_time_rotate_file_handler.py(<module>:28)]  -  调试级别
2019-05-11 18:03:58,118  INFO  [hehe]  [lianxi_06_logging_time_rotate_file_handler.py(<module>:29)]  -  一般级别
2019-05-11 18:03:58,118  WARNING  [hehe]  [lianxi_06_logging_time_rotate_file_handler.py(<module>:30)]  -  警告级别
2019-05-11 18:03:58,118  ERROR  [hehe]  [lianxi_06_logging_time_rotate_file_handler.py(<module>:31)]  -  错误级别
2019-05-11 18:03:58,118  CRITICAL  [hehe]  [lianxi_06_logging_time_rotate_file_handler.py(<module>:32)]  -  严重错误级别
2019-05-11 18:03:59,118  DEBUG  [hehe]  [lianxi_06_logging_time_rotate_file_handler.py(<module>:28)]  -  调试级别
2019-05-11 18:03:59,118  INFO  [hehe]  [lianxi_06_logging_time_rotate_file_handler.py(<module>:29)]  -  一般级别
2019-05-11 18:03:59,118  WARNING  [hehe]  [lianxi_06_logging_time_rotate_file_handler.py(<module>:30)]  -  警告级别
2019-05-11 18:03:59,118  ERROR  [hehe]  [lianxi_06_logging_time_rotate_file_handler.py(<module>:31)]  -  错误级别
2019-05-11 18:03:59,118  CRITICAL  [hehe]  [lianxi_06_logging_time_rotate_file_handler.py(<module>:32)]  -  严重错误级别
2019-05-11 18:04:00,118  DEBUG  [hehe]  [lianxi_06_logging_time_rotate_file_handler.py(<module>:28)]  -  调试级别
2019-05-11 18:04:00,118  INFO  [hehe]  [lianxi_06_logging_time_rotate_file_handler.py(<module>:29)]  -  一般级别
2019-05-11 18:04:00,119  WARNING  [hehe]  [lianxi_06_logging_time_rotate_file_handler.py(<module>:30)]  -  警告级别
2019-05-11 18:04:00,119  ERROR  [hehe]  [lianxi_06_logging_time_rotate_file_handler.py(<module>:31)]  -  错误级别
2019-05-11 18:04:00,119  CRITICAL  [hehe]  [lianxi_06_logging_time_rotate_file_handler.py(<module>:32)]  -  严重错误级别
2019-05-11 18:04:01,120  DEBUG  [hehe]  [lianxi_06_logging_time_rotate_file_handler.py(<module>:28)]  -  调试级别
2019-05-11 18:04:01,120  INFO  [hehe]  [lianxi_06_logging_time_rotate_file_handler.py(<module>:29)]  -  一般级别
2019-05-11 18:04:01,120  WARNING  [hehe]  [lianxi_06_logging_time_rotate_file_handler.py(<module>:30)]  -  警告级别
2019-05-11 18:04:01,120  ERROR  [hehe]  [lianxi_06_logging_time_rotate_file_handler.py(<module>:31)]  -  错误级别
2019-05-11 18:04:01,120  CRITICAL  [hehe]  [lianxi_06_logging_time_rotate_file_handler.py(<module>:32)]  -  严重错误级别
2019-05-11 18:04:02,120  DEBUG  [hehe]  [lianxi_06_logging_time_rotate_file_handler.py(<module>:28)]  -  调试级别
2019-05-11 18:04:02,120  INFO  [hehe]  [lianxi_06_logging_time_rotate_file_handler.py(<module>:29)]  -  一般级别
2019-05-11 18:04:02,120  WARNING  [hehe]  [lianxi_06_logging_time_rotate_file_handler.py(<module>:30)]  -  警告级别
2019-05-11 18:04:02,120  ERROR  [hehe]  [lianxi_06_logging_time_rotate_file_handler.py(<module>:31)]  -  错误级别
2019-05-11 18:04:02,120  CRITICAL  [hehe]  [lianxi_06_logging_time_rotate_file_handler.py(<module>:32)]  -  严重错误级别
2019-05-11 18:04:03,120  DEBUG  [hehe]  [lianxi_06_logging_time_rotate_file_handler.py(<module>:28)]  -  调试级别
2019-05-11 18:04:03,120  INFO  [hehe]  [lianxi_06_logging_time_rotate_file_handler.py(<module>:29)]  -  一般级别
2019-05-11 18:04:03,120  WARNING  [hehe]  [lianxi_06_logging_time_rotate_file_handler.py(<module>:30)]  -  警告级别
2019-05-11 18:04:03,121  ERROR  [hehe]  [lianxi_06_logging_time_rotate_file_handler.py(<module>:31)]  -  错误级别
2019-05-11 18:04:03,121  CRITICAL  [hehe]  [lianxi_06_logging_time_rotate_file_handler.py(<module>:32)]  -  严重错误级别
2019-05-11 18:04:04,121  DEBUG  [hehe]  [lianxi_06_logging_time_rotate_file_handler.py(<module>:28)]  -  调试级别
2019-05-11 18:04:04,121  INFO  [hehe]  [lianxi_06_logging_time_rotate_file_handler.py(<module>:29)]  -  一般级别
2019-05-11 18:04:04,121  WARNING  [hehe]  [lianxi_06_logging_time_rotate_file_handler.py(<module>:30)]  -  警告级别
2019-05-11 18:04:04,121  ERROR  [hehe]  [lianxi_06_logging_time_rotate_file_handler.py(<module>:31)]  -  错误级别
2019-05-11 18:04:04,121  CRITICAL  [hehe]  [lianxi_06_logging_time_rotate_file_handler.py(<module>:32)]  -  严重错误级别
2019-05-11 18:04:05,122  DEBUG  [hehe]  [lianxi_06_logging_time_rotate_file_handler.py(<module>:28)]  -  调试级别
2019-05-11 18:04:05,122  INFO  [hehe]  [lianxi_06_logging_time_rotate_file_handler.py(<module>:29)]  -  一般级别
2019-05-11 18:04:05,122  WARNING  [hehe]  [lianxi_06_logging_time_rotate_file_handler.py(<module>:30)]  -  警告级别
2019-05-11 18:04:05,122  ERROR  [hehe]  [lianxi_06_logging_time_rotate_file_handler.py(<module>:31)]  -  错误级别
2019-05-11 18:04:05,123  CRITICAL  [hehe]  [lianxi_06_logging_time_rotate_file_handler.py(<module>:32)]  -  严重错误级别
2019-05-11 18:04:06,123  DEBUG  [hehe]  [lianxi_06_logging_time_rotate_file_handler.py(<module>:28)]  -  调试级别
2019-05-11 18:04:06,123  INFO  [hehe]  [lianxi_06_logging_time_rotate_file_handler.py(<module>:29)]  -  一般级别
2019-05-11 18:04:06,123  WARNING  [hehe]  [lianxi_06_logging_time_rotate_file_handler.py(<module>:30)]  -  警告级别
2019-05-11 18:04:06,124  ERROR  [hehe]  [lianxi_06_logging_time_rotate_file_handler.py(<module>:31)]  -  错误级别
2019-05-11 18:04:06,124  CRITICAL  [hehe]  [lianxi_06_logging_time_rotate_file_handler.py(<module>:32)]  -  严重错误级别
2019-05-11 18:04:07,124  DEBUG  [hehe]  [lianxi_06_logging_time_rotate_file_handler.py(<module>:28)]  -  调试级别
2019-05-11 18:04:07,125  INFO  [hehe]  [lianxi_06_logging_time_rotate_file_handler.py(<module>:29)]  -  一般级别
2019-05-11 18:04:07,125  WARNING  [hehe]  [lianxi_06_logging_time_rotate_file_handler.py(<module>:30)]  -  警告级别
2019-05-11 18:04:07,125  ERROR  [hehe]  [lianxi_06_logging_time_rotate_file_handler.py(<module>:31)]  -  错误级别
2019-05-11 18:04:07,126  CRITICAL  [hehe]  [lianxi_06_logging_time_rotate_file_handler.py(<module>:32)]  -  严重错误级别
2019-05-11 18:04:08,126  DEBUG  [hehe]  [lianxi_06_logging_time_rotate_file_handler.py(<module>:28)]  -  调试级别
2019-05-11 18:04:08,126  INFO  [hehe]  [lianxi_06_logging_time_rotate_file_handler.py(<module>:29)]  -  一般级别
2019-05-11 18:04:08,127  WARNING  [hehe]  [lianxi_06_logging_time_rotate_file_handler.py(<module>:30)]  -  警告级别
2019-05-11 18:04:08,127  ERROR  [hehe]  [lianxi_06_logging_time_rotate_file_handler.py(<module>:31)]  -  错误级别
2019-05-11 18:04:08,127  CRITICAL  [hehe]  [lianxi_06_logging_time_rotate_file_handler.py(<module>:32)]  -  严重错误级别
2019-05-11 18:04:09,128  DEBUG  [hehe]  [lianxi_06_logging_time_rotate_file_handler.py(<module>:28)]  -  调试级别
2019-05-11 18:04:09,128  INFO  [hehe]  [lianxi_06_logging_time_rotate_file_handler.py(<module>:29)]  -  一般级别
2019-05-11 18:04:09,128  WARNING  [hehe]  [lianxi_06_logging_time_rotate_file_handler.py(<module>:30)]  -  警告级别
2019-05-11 18:04:09,128  ERROR  [hehe]  [lianxi_06_logging_time_rotate_file_handler.py(<module>:31)]  -  错误级别
2019-05-11 18:04:09,128  CRITICAL  [hehe]  [lianxi_06_logging_time_rotate_file_handler.py(<module>:32)]  -  严重错误级别
2019-05-11 18:04:10,128  DEBUG  [hehe]  [lianxi_06_logging_time_rotate_file_handler.py(<module>:28)]  -  调试级别
2019-05-11 18:04:10,128  INFO  [hehe]  [lianxi_06_logging_time_rotate_file_handler.py(<module>:29)]  -  一般级别
2019-05-11 18:04:10,128  WARNING  [hehe]  [lianxi_06_logging_time_rotate_file_handler.py(<module>:30)]  -  警告级别
2019-05-11 18:04:10,128  ERROR  [hehe]  [lianxi_06_logging_time_rotate_file_handler.py(<module>:31)]  -  错误级别
2019-05-11 18:04:10,128  CRITICAL  [hehe]  [lianxi_06_logging_time_rotate_file_handler.py(<module>:32)]  -  严重错误级别
2019-05-11 18:04:11,128  DEBUG  [hehe]  [lianxi_06_logging_time_rotate_file_handler.py(<module>:28)]  -  调试级别
2019-05-11 18:04:11,128  INFO  [hehe]  [lianxi_06_logging_time_rotate_file_handler.py(<module>:29)]  -  一般级别
2019-05-11 18:04:11,128  WARNING  [hehe]  [lianxi_06_logging_time_rotate_file_handler.py(<module>:30)]  -  警告级别
2019-05-11 18:04:11,128  ERROR  [hehe]  [lianxi_06_logging_time_rotate_file_handler.py(<module>:31)]  -  错误级别
2019-05-11 18:04:11,128  CRITICAL  [hehe]  [lianxi_06_logging_time_rotate_file_handler.py(<module>:32)]  -  严重错误级别
2019-05-11 18:04:12,129  DEBUG  [hehe]  [lianxi_06_logging_time_rotate_file_handler.py(<module>:28)]  -  调试级别
2019-05-11 18:04:12,129  INFO  [hehe]  [lianxi_06_logging_time_rotate_file_handler.py(<module>:29)]  -  一般级别
2019-05-11 18:04:12,129  WARNING  [hehe]  [lianxi_06_logging_time_rotate_file_handler.py(<module>:30)]  -  警告级别
2019-05-11 18:04:12,129  ERROR  [hehe]  [lianxi_06_logging_time_rotate_file_handler.py(<module>:31)]  -  错误级别
2019-05-11 18:04:12,129  CRITICAL  [hehe]  [lianxi_06_logging_time_rotate_file_handler.py(<module>:32)]  -  严重错误级别
2019-05-11 18:04:13,129  DEBUG  [hehe]  [lianxi_06_logging_time_rotate_file_handler.py(<module>:28)]  -  调试级别
2019-05-11 18:04:13,129  INFO  [hehe]  [lianxi_06_logging_time_rotate_file_handler.py(<module>:29)]  -  一般级别
2019-05-11 18:04:13,129  WARNING  [hehe]  [lianxi_06_logging_time_rotate_file_handler.py(<module>:30)]  -  警告级别
2019-05-11 18:04:13,129  ERROR  [hehe]  [lianxi_06_logging_time_rotate_file_handler.py(<module>:31)]  -  错误级别
2019-05-11 18:04:13,129  CRITICAL  [hehe]  [lianxi_06_logging_time_rotate_file_handler.py(<module>:32)]  -  严重错误级别
2019-05-11 18:04:14,130  DEBUG  [hehe]  [lianxi_06_logging_time_rotate_file_handler.py(<module>:28)]  -  调试级别
2019-05-11 18:04:14,130  INFO  [hehe]  [lianxi_06_logging_time_rotate_file_handler.py(<module>:29)]  -  一般级别
2019-05-11 18:04:14,130  WARNING  [hehe]  [lianxi_06_logging_time_rotate_file_handler.py(<module>:30)]  -  警告级别
2019-05-11 18:04:14,130  ERROR  [hehe]  [lianxi_06_logging_time_rotate_file_handler.py(<module>:31)]  -  错误级别
2019-05-11 18:04:14,130  CRITICAL  [hehe]  [lianxi_06_logging_time_rotate_file_handler.py(<module>:32)]  -  严重错误级别
2019-05-11 18:04:15,131  DEBUG  [hehe]  [lianxi_06_logging_time_rotate_file_handler.py(<module>:28)]  -  调试级别
2019-05-11 18:04:15,131  INFO  [hehe]  [lianxi_06_logging_time_rotate_file_handler.py(<module>:29)]  -  一般级别
2019-05-11 18:04:15,131  WARNING  [hehe]  [lianxi_06_logging_time_rotate_file_handler.py(<module>:30)]  -  警告级别
2019-05-11 18:04:15,132  ERROR  [hehe]  [lianxi_06_logging_time_rotate_file_handler.py(<module>:31)]  -  错误级别
2019-05-11 18:04:15,132  CRITICAL  [hehe]  [lianxi_06_logging_time_rotate_file_handler.py(<module>:32)]  -  严重错误级别
2019-05-11 18:04:16,133  DEBUG  [hehe]  [lianxi_06_logging_time_rotate_file_handler.py(<module>:28)]  -  调试级别
2019-05-11 18:04:16,133  INFO  [hehe]  [lianxi_06_logging_time_rotate_file_handler.py(<module>:29)]  -  一般级别
2019-05-11 18:04:16,133  WARNING  [hehe]  [lianxi_06_logging_time_rotate_file_handler.py(<module>:30)]  -  警告级别
2019-05-11 18:04:16,133  ERROR  [hehe]  [lianxi_06_logging_time_rotate_file_handler.py(<module>:31)]  -  错误级别
2019-05-11 18:04:16,133  CRITICAL  [hehe]  [lianxi_06_logging_time_rotate_file_handler.py(<module>:32)]  -  严重错误级别
2019-05-11 18:04:17,134  DEBUG  [hehe]  [lianxi_06_logging_time_rotate_file_handler.py(<module>:28)]  -  调试级别
2019-05-11 18:04:17,134  INFO  [hehe]  [lianxi_06_logging_time_rotate_file_handler.py(<module>:29)]  -  一般级别
2019-05-11 18:04:17,134  WARNING  [hehe]  [lianxi_06_logging_time_rotate_file_handler.py(<module>:30)]  -  警告级别
2019-05-11 18:04:17,134  ERROR  [hehe]  [lianxi_06_logging_time_rotate_file_handler.py(<module>:31)]  -  错误级别
2019-05-11 18:04:17,134  CRITICAL  [hehe]  [lianxi_06_logging_time_rotate_file_handler.py(<module>:32)]  -  严重错误级别
2019-05-11 18:04:18,135  DEBUG  [hehe]  [lianxi_06_logging_time_rotate_file_handler.py(<module>:28)]  -  调试级别
2019-05-11 18:04:18,135  INFO  [hehe]  [lianxi_06_logging_time_rotate_file_handler.py(<module>:29)]  -  一般级别
2019-05-11 18:04:18,135  WARNING  [hehe]  [lianxi_06_logging_time_rotate_file_handler.py(<module>:30)]  -  警告级别
2019-05-11 18:04:18,135  ERROR  [hehe]  [lianxi_06_logging_time_rotate_file_handler.py(<module>:31)]  -  错误级别
2019-05-11 18:04:18,135  CRITICAL  [hehe]  [lianxi_06_logging_time_rotate_file_handler.py(<module>:32)]  -  严重错误级别
2019-05-11 18:04:19,135  DEBUG  [hehe]  [lianxi_06_logging_time_rotate_file_handler.py(<module>:28)]  -  调试级别
2019-05-11 18:04:19,136  INFO  [hehe]  [lianxi_06_logging_time_rotate_file_handler.py(<module>:29)]  -  一般级别
2019-05-11 18:04:19,136  WARNING  [hehe]  [lianxi_06_logging_time_rotate_file_handler.py(<module>:30)]  -  警告级别
2019-05-11 18:04:19,136  ERROR  [hehe]  [lianxi_06_logging_time_rotate_file_handler.py(<module>:31)]  -  错误级别
2019-05-11 18:04:19,136  CRITICAL  [hehe]  [lianxi_06_logging_time_rotate_file_handler.py(<module>:32)]  -  严重错误级别
2019-05-11 18:04:20,137  DEBUG  [hehe]  [lianxi_06_logging_time_rotate_file_handler.py(<module>:28)]  -  调试级别
2019-05-11 18:04:20,137  INFO  [hehe]  [lianxi_06_logging_time_rotate_file_handler.py(<module>:29)]  -  一般级别
2019-05-11 18:04:20,137  WARNING  [hehe]  [lianxi_06_logging_time_rotate_file_handler.py(<module>:30)]  -  警告级别
2019-05-11 18:04:20,137  ERROR  [hehe]  [lianxi_06_logging_time_rotate_file_handler.py(<module>:31)]  -  错误级别
2019-05-11 18:04:20,137  CRITICAL  [hehe]  [lianxi_06_logging_time_rotate_file_handler.py(<module>:32)]  -  严重错误级别
2019-05-11 18:04:21,137  DEBUG  [hehe]  [lianxi_06_logging_time_rotate_file_handler.py(<module>:28)]  -  调试级别
2019-05-11 18:04:21,137  INFO  [hehe]  [lianxi_06_logging_time_rotate_file_handler.py(<module>:29)]  -  一般级别
2019-05-11 18:04:21,137  WARNING  [hehe]  [lianxi_06_logging_time_rotate_file_handler.py(<module>:30)]  -  警告级别
2019-05-11 18:04:21,137  ERROR  [hehe]  [lianxi_06_logging_time_rotate_file_handler.py(<module>:31)]  -  错误级别
2019-05-11 18:04:21,137  CRITICAL  [hehe]  [lianxi_06_logging_time_rotate_file_handler.py(<module>:32)]  -  严重错误级别
2019-05-11 18:04:22,138  DEBUG  [hehe]  [lianxi_06_logging_time_rotate_file_handler.py(<module>:28)]  -  调试级别
2019-05-11 18:04:22,138  INFO  [hehe]  [lianxi_06_logging_time_rotate_file_handler.py(<module>:29)]  -  一般级别
2019-05-11 18:04:22,138  WARNING  [hehe]  [lianxi_06_logging_time_rotate_file_handler.py(<module>:30)]  -  警告级别
2019-05-11 18:04:22,138  ERROR  [hehe]  [lianxi_06_logging_time_rotate_file_handler.py(<module>:31)]  -  错误级别
2019-05-11 18:04:22,138  CRITICAL  [hehe]  [lianxi_06_logging_time_rotate_file_handler.py(<module>:32)]  -  严重错误级别
2019-05-11 18:04:23,138  DEBUG  [hehe]  [lianxi_06_logging_time_rotate_file_handler.py(<module>:28)]  -  调试级别
2019-05-11 18:04:23,138  INFO  [hehe]  [lianxi_06_logging_time_rotate_file_handler.py(<module>:29)]  -  一般级别
2019-05-11 18:04:23,138  WARNING  [hehe]  [lianxi_06_logging_time_rotate_file_handler.py(<module>:30)]  -  警告级别
2019-05-11 18:04:23,138  ERROR  [hehe]  [lianxi_06_logging_time_rotate_file_handler.py(<module>:31)]  -  错误级别
2019-05-11 18:04:23,139  CRITICAL  [hehe]  [lianxi_06_logging_time_rotate_file_handler.py(<module>:32)]  -  严重错误级别
2019-05-11 18:04:24,139  DEBUG  [hehe]  [lianxi_06_logging_time_rotate_file_handler.py(<module>:28)]  -  调试级别
2019-05-11 18:04:24,139  INFO  [hehe]  [lianxi_06_logging_time_rotate_file_handler.py(<module>:29)]  -  一般级别
2019-05-11 18:04:24,139  WARNING  [hehe]  [lianxi_06_logging_time_rotate_file_handler.py(<module>:30)]  -  警告级别
2019-05-11 18:04:24,139  ERROR  [hehe]  [lianxi_06_logging_time_rotate_file_handler.py(<module>:31)]  -  错误级别
2019-05-11 18:04:24,140  CRITICAL  [hehe]  [lianxi_06_logging_time_rotate_file_handler.py(<module>:32)]  -  严重错误级别
2019-05-11 18:04:25,140  DEBUG  [hehe]  [lianxi_06_logging_time_rotate_file_handler.py(<module>:28)]  -  调试级别
2019-05-11 18:04:25,141  INFO  [hehe]  [lianxi_06_logging_time_rotate_file_handler.py(<module>:29)]  -  一般级别
2019-05-11 18:04:25,141  WARNING  [hehe]  [lianxi_06_logging_time_rotate_file_handler.py(<module>:30)]  -  警告级别
2019-05-11 18:04:25,141  ERROR  [hehe]  [lianxi_06_logging_time_rotate_file_handler.py(<module>:31)]  -  错误级别
2019-05-11 18:04:25,141  CRITICAL  [hehe]  [lianxi_06_logging_time_rotate_file_handler.py(<module>:32)]  -  严重错误级别
2019-05-11 18:04:26,141  DEBUG  [hehe]  [lianxi_06_logging_time_rotate_file_handler.py(<module>:28)]  -  调试级别
2019-05-11 18:04:26,141  INFO  [hehe]  [lianxi_06_logging_time_rotate_file_handler.py(<module>:29)]  -  一般级别
2019-05-11 18:04:26,141  WARNING  [hehe]  [lianxi_06_logging_time_rotate_file_handler.py(<module>:30)]  -  警告级别
2019-05-11 18:04:26,142  ERROR  [hehe]  [lianxi_06_logging_time_rotate_file_handler.py(<module>:31)]  -  错误级别
2019-05-11 18:04:26,142  CRITICAL  [hehe]  [lianxi_06_logging_time_rotate_file_handler.py(<module>:32)]  -  严重错误级别
2019-05-11 18:04:27,142  DEBUG  [hehe]  [lianxi_06_logging_time_rotate_file_handler.py(<module>:28)]  -  调试级别
2019-05-11 18:04:27,142  INFO  [hehe]  [lianxi_06_logging_time_rotate_file_handler.py(<module>:29)]  -  一般级别
2019-05-11 18:04:27,142  WARNING  [hehe]  [lianxi_06_logging_time_rotate_file_handler.py(<module>:30)]  -  警告级别
2019-05-11 18:04:27,142  ERROR  [hehe]  [lianxi_06_logging_time_rotate_file_handler.py(<module>:31)]  -  错误级别
2019-05-11 18:04:27,142  CRITICAL  [hehe]  [lianxi_06_logging_time_rotate_file_handler.py(<module>:32)]  -  严重错误级别
2019-05-11 18:04:28,142  DEBUG  [hehe]  [lianxi_06_logging_time_rotate_file_handler.py(<module>:28)]  -  调试级别
2019-05-11 18:04:28,142  INFO  [hehe]  [lianxi_06_logging_time_rotate_file_handler.py(<module>:29)]  -  一般级别
2019-05-11 18:04:28,142  WARNING  [hehe]  [lianxi_06_logging_time_rotate_file_handler.py(<module>:30)]  -  警告级别
2019-05-11 18:04:28,142  ERROR  [hehe]  [lianxi_06_logging_time_rotate_file_handler.py(<module>:31)]  -  错误级别
2019-05-11 18:04:28,142  CRITICAL  [hehe]  [lianxi_06_logging_time_rotate_file_handler.py(<module>:32)]  -  严重错误级别
2019-05-11 18:04:29,142  DEBUG  [hehe]  [lianxi_06_logging_time_rotate_file_handler.py(<module>:28)]  -  调试级别
2019-05-11 18:04:29,142  INFO  [hehe]  [lianxi_06_logging_time_rotate_file_handler.py(<module>:29)]  -  一般级别
2019-05-11 18:04:29,142  WARNING  [hehe]  [lianxi_06_logging_time_rotate_file_handler.py(<module>:30)]  -  警告级别
2019-05-11 18:04:29,142  ERROR  [hehe]  [lianxi_06_logging_time_rotate_file_handler.py(<module>:31)]  -  错误级别
2019-05-11 18:04:29,143  CRITICAL  [hehe]  [lianxi_06_logging_time_rotate_file_handler.py(<module>:32)]  -  严重错误级别
2019-05-11 18:04:30,143  DEBUG  [hehe]  [lianxi_06_logging_time_rotate_file_handler.py(<module>:28)]  -  调试级别
2019-05-11 18:04:30,143  INFO  [hehe]  [lianxi_06_logging_time_rotate_file_handler.py(<module>:29)]  -  一般级别
2019-05-11 18:04:30,143  WARNING  [hehe]  [lianxi_06_logging_time_rotate_file_handler.py(<module>:30)]  -  警告级别
2019-05-11 18:04:30,143  ERROR  [hehe]  [lianxi_06_logging_time_rotate_file_handler.py(<module>:31)]  -  错误级别
2019-05-11 18:04:30,143  CRITICAL  [hehe]  [lianxi_06_logging_time_rotate_file_handler.py(<module>:32)]  -  严重错误级别
2019-05-11 18:04:31,144  DEBUG  [hehe]  [lianxi_06_logging_time_rotate_file_handler.py(<module>:28)]  -  调试级别
2019-05-11 18:04:31,144  INFO  [hehe]  [lianxi_06_logging_time_rotate_file_handler.py(<module>:29)]  -  一般级别
2019-05-11 18:04:31,144  WARNING  [hehe]  [lianxi_06_logging_time_rotate_file_handler.py(<module>:30)]  -  警告级别
2019-05-11 18:04:31,144  ERROR  [hehe]  [lianxi_06_logging_time_rotate_file_handler.py(<module>:31)]  -  错误级别
2019-05-11 18:04:31,145  CRITICAL  [hehe]  [lianxi_06_logging_time_rotate_file_handler.py(<module>:32)]  -  严重错误级别
2019-05-11 18:04:32,145  DEBUG  [hehe]  [lianxi_06_logging_time_rotate_file_handler.py(<module>:28)]  -  调试级别
2019-05-11 18:04:32,145  INFO  [hehe]  [lianxi_06_logging_time_rotate_file_handler.py(<module>:29)]  -  一般级别
2019-05-11 18:04:32,145  WARNING  [hehe]  [lianxi_06_logging_time_rotate_file_handler.py(<module>:30)]  -  警告级别
2019-05-11 18:04:32,145  ERROR  [hehe]  [lianxi_06_logging_time_rotate_file_handler.py(<module>:31)]  -  错误级别
2019-05-11 18:04:32,145  CRITICAL  [hehe]  [lianxi_06_logging_time_rotate_file_handler.py(<module>:32)]  -  严重错误级别
2019-05-11 18:04:33,145  DEBUG  [hehe]  [lianxi_06_logging_time_rotate_file_handler.py(<module>:28)]  -  调试级别
2019-05-11 18:04:33,145  INFO  [hehe]  [lianxi_06_logging_time_rotate_file_handler.py(<module>:29)]  -  一般级别
2019-05-11 18:04:33,145  WARNING  [hehe]  [lianxi_06_logging_time_rotate_file_handler.py(<module>:30)]  -  警告级别
2019-05-11 18:04:33,145  ERROR  [hehe]  [lianxi_06_logging_time_rotate_file_handler.py(<module>:31)]  -  错误级别
2019-05-11 18:04:33,145  CRITICAL  [hehe]  [lianxi_06_logging_time_rotate_file_handler.py(<module>:32)]  -  严重错误级别
